Determining if the pthread_create exist failed with the following output:
Change Dir: /home/wyj/workspace/06.UGVC/src/aruco_ros/aruco/build/CMakeFiles/CMakeTmp

Run Build Command:"/usr/bin/make" "cmTryCompileExec3428933770/fast"
/usr/bin/make -f CMakeFiles/cmTryCompileExec3428933770.dir/build.make CMakeFiles/cmTryCompileExec3428933770.dir/build
make[1]: Entering directory `/home/wyj/workspace/06.UGVC/src/aruco_ros/aruco/build/CMakeFiles/CMakeTmp'
/usr/bin/cmake -E cmake_progress_report /home/wyj/workspace/06.UGVC/src/aruco_ros/aruco/build/CMakeFiles/CMakeTmp/CMakeFiles 1
Building C object CMakeFiles/cmTryCompileExec3428933770.dir/CheckSymbolExists.c.o
/usr/bin/cc    -o CMakeFiles/cmTryCompileExec3428933770.dir/CheckSymbolExists.c.o   -c /home/wyj/workspace/06.UGVC/src/aruco_ros/aruco/build/CMakeFiles/CMakeTmp/CheckSymbolExists.c
Linking C executable cmTryCompileExec3428933770
/usr/bin/cmake -E cmake_link_script CMakeFiles/cmTryCompileExec3428933770.dir/link.txt --verbose=1
/usr/bin/cc       CMakeFiles/cmTryCompileExec3428933770.dir/CheckSymbolExists.c.o  -o cmTryCompileExec3428933770 -rdynamic 
CMakeFiles/cmTryCompileExec3428933770.dir/CheckSymbolExists.c.o: In function `main':
CheckSymbolExists.c:(.text+0x16): undefined reference to `pthread_create'
collect2: error: ld returned 1 exit status
make[1]: *** [cmTryCompileExec3428933770] Error 1
make[1]: Leaving directory `/home/wyj/workspace/06.UGVC/src/aruco_ros/aruco/build/CMakeFiles/CMakeTmp'
make: *** [cmTryCompileExec3428933770/fast] Error 2

File /home/wyj/workspace/06.UGVC/src/aruco_ros/aruco/build/CMakeFiles/CMakeTmp/CheckSymbolExists.c:
/* */
#include <pthread.h>

int main(int argc, char** argv)
{
  (void)argv;
#ifndef pthread_create
  return ((int*)(&pthread_create))[argc];
#else
  (void)argc;
  return 0;
#endif
}

Determining if the function pthread_create exists in the pthreads failed with the following output:
Change Dir: /home/wyj/workspace/06.UGVC/src/aruco_ros/aruco/build/CMakeFiles/CMakeTmp

Run Build Command:"/usr/bin/make" "cmTryCompileExec2931862966/fast"
/usr/bin/make -f CMakeFiles/cmTryCompileExec2931862966.dir/build.make CMakeFiles/cmTryCompileExec2931862966.dir/build
make[1]: Entering directory `/home/wyj/workspace/06.UGVC/src/aruco_ros/aruco/build/CMakeFiles/CMakeTmp'
/usr/bin/cmake -E cmake_progress_report /home/wyj/workspace/06.UGVC/src/aruco_ros/aruco/build/CMakeFiles/CMakeTmp/CMakeFiles 1
Building C object CMakeFiles/cmTryCompileExec2931862966.dir/CheckFunctionExists.c.o
/usr/bin/cc   -DCHECK_FUNCTION_EXISTS=pthread_create   -o CMakeFiles/cmTryCompileExec2931862966.dir/CheckFunctionExists.c.o   -c /usr/share/cmake-3.2/Modules/CheckFunctionExists.c
Linking C executable cmTryCompileExec2931862966
/usr/bin/cmake -E cmake_link_script CMakeFiles/cmTryCompileExec2931862966.dir/link.txt --verbose=1
/usr/bin/cc   -DCHECK_FUNCTION_EXISTS=pthread_create    CMakeFiles/cmTryCompileExec2931862966.dir/CheckFunctionExists.c.o  -o cmTryCompileExec2931862966 -rdynamic -lpthreads 
/usr/bin/ld: cannot find -lpthreads
collect2: error: ld returned 1 exit status
make[1]: *** [cmTryCompileExec2931862966] Error 1
make[1]: Leaving directory `/home/wyj/workspace/06.UGVC/src/aruco_ros/aruco/build/CMakeFiles/CMakeTmp'
make: *** [cmTryCompileExec2931862966/fast] Error 2


